<?xml version="1.0" encoding="UTF-8"?>
<testsuite xmlns:xsi="http://www.w3.org/2001/XMLSchema-instance" xsi:noNamespaceSchemaLocation="https://maven.apache.org/surefire/maven-surefire-plugin/xsd/surefire-test-report.xsd" name="SwingClassTest" time="9.523" tests="9" errors="0" skipped="0" failures="0">
  <properties>
[...]
</properties>
  <testcase name="testAddOneAndThree" classname="SwingClassTest" time="2.132"/>
  <testcase name="testClear" classname="SwingClassTest" time="0.858"/>
  <testcase name="testTitle" classname="SwingClassTest" time="0.631"/>
  <testcase name="testAddOneAndClearAndAddTwo" classname="SwingClassTest" time="1.309"/>
  <testcase name="testAddThree" classname="SwingClassTest" time="0.814"/>
  <testcase name="testAddTwoAndThree" classname="SwingClassTest" time="1.054"/>
  <testcase name="testAddOne" classname="SwingClassTest" time="0.825"/>
  <testcase name="testAddTwo" classname="SwingClassTest" time="0.819"/>
  <testcase name="testAddOneAndTwo" classname="SwingClassTest" time="1.048"/>
</testsuite>